<?xml version="1.0" encoding="UTF-8"?>
<!-- Generated by org.testng.reporters.JUnitReportReporter -->
<testsuite hostname="ATDEV283L1" failures="0" tests="2" name="qa.ybl.testcases.TestUpload" time="120.717" errors="0" timestamp="2023-11-08T11:43:41 IST" skipped="0">
  <testcase classname="qa.ybl.testcases.TestUpload" name="Upload_File" time="71.363"/>
  <testcase classname="qa.ybl.testcases.TestUpload" name="Upload_File" time="49.354"/>
</testsuite> <!-- qa.ybl.testcases.TestUpload -->
