<?xml version="1.0" encoding="UTF-8"?>
<!-- Generated by org.testng.reporters.JUnitReportReporter -->
<testsuite hostname="ATDEV283L1" failures="0" tests="5" name="qa.ybl.testcases.TestLogin" time="131.916" errors="0" timestamp="2023-11-11T14:22:51 IST" skipped="0">
  <testcase classname="qa.ybl.testcases.TestLogin" name="Login_to_app" time="23.930"/>
  <testcase classname="qa.ybl.testcases.TestLogin" name="Login_to_app" time="29.665"/>
  <testcase classname="qa.ybl.testcases.TestLogin" name="Login_to_app" time="7.689"/>
  <testcase classname="qa.ybl.testcases.TestLogin" name="Login_to_app" time="29.631"/>
  <testcase classname="qa.ybl.testcases.TestLogin" name="Login_to_app" time="41.001"/>
</testsuite> <!-- qa.ybl.testcases.TestLogin -->
