<?xml version="1.0" encoding="UTF-8"?>
<!-- Generated by org.testng.reporters.JUnitReportReporter -->
<testsuite hostname="ATDEV283L1" failures="0" tests="5" name="qa.ybl.testcases.TestLogin" time="19.853" errors="0" timestamp="2024-01-30T10:51:59 IST" skipped="4">
  <testcase classname="qa.ybl.testcases.TestLogin" name="Login_to_app" time="19.853"/>
  <testcase classname="qa.ybl.testcases.TestLogin" name="Password_Feild">
    <skipped/>
  </testcase> <!-- Password_Feild -->
  <testcase classname="qa.ybl.testcases.TestLogin" name="Captcha_Feild">
    <skipped/>
  </testcase> <!-- Captcha_Feild -->
  <testcase classname="qa.ybl.testcases.TestLogin" name="Username_Feild">
    <skipped/>
  </testcase> <!-- Username_Feild -->
  <testcase classname="qa.ybl.testcases.TestLogin" name="Login_Button">
    <skipped/>
  </testcase> <!-- Login_Button -->
</testsuite> <!-- qa.ybl.testcases.TestLogin -->
