<?xml version="1.0" encoding="UTF-8"?>
<!-- Generated by org.testng.reporters.JUnitReportReporter -->
<testsuite hostname="ATDEV283L1" failures="0" tests="9" name="qa.ybl.testcases.TestLogin" time="65.027" errors="0" timestamp="2024-02-02T16:05:39 IST" skipped="4">
  <testcase classname="qa.ybl.testcases.TestLogin" name="Login_to_app" time="11.579"/>
  <testcase classname="qa.ybl.testcases.TestLogin" name="Login_to_app" time="16.630"/>
  <testcase classname="qa.ybl.testcases.TestLogin" name="Login_to_app" time="11.785"/>
  <testcase classname="qa.ybl.testcases.TestLogin" name="Login_to_app" time="13.487"/>
  <testcase classname="qa.ybl.testcases.TestLogin" name="Login_to_app" time="11.546"/>
  <testcase classname="qa.ybl.testcases.TestLogin" name="Password_Feild">
    <skipped/>
  </testcase> <!-- Password_Feild -->
  <testcase classname="qa.ybl.testcases.TestLogin" name="Captcha_Feild">
    <skipped/>
  </testcase> <!-- Captcha_Feild -->
  <testcase classname="qa.ybl.testcases.TestLogin" name="Username_Feild">
    <skipped/>
  </testcase> <!-- Username_Feild -->
  <testcase classname="qa.ybl.testcases.TestLogin" name="Login_Button">
    <skipped/>
  </testcase> <!-- Login_Button -->
</testsuite> <!-- qa.ybl.testcases.TestLogin -->
