<?xml version="1.0" encoding="UTF-8"?>
<!-- Generated by org.testng.reporters.JUnitReportReporter -->
<testsuite hostname="ATDEV283L1" failures="0" tests="11" name="qa.ybl.testcases.TestUpload" time="0.181" errors="0" timestamp="2023-12-04T13:59:51 IST" skipped="1">
  <testcase classname="qa.ybl.testcases.TestUpload" name="Upload_Files" time="0.014"/>
  <testcase classname="qa.ybl.testcases.TestUpload" name="Upload_Files" time="0.015"/>
  <testcase classname="qa.ybl.testcases.TestUpload" name="Upload_Files" time="0.018"/>
  <testcase classname="qa.ybl.testcases.TestUpload" name="Upload_Files" time="0.015"/>
  <testcase classname="qa.ybl.testcases.TestUpload" name="Upload_Files" time="0.014"/>
  <testcase classname="qa.ybl.testcases.TestUpload" name="Upload_Files" time="0.015"/>
  <testcase classname="qa.ybl.testcases.TestUpload" name="Upload_Files" time="0.043"/>
  <testcase classname="qa.ybl.testcases.TestUpload" name="Upload_Files" time="0.017"/>
  <testcase classname="qa.ybl.testcases.TestUpload" name="Upload_Files" time="0.015"/>
  <testcase classname="qa.ybl.testcases.TestUpload" name="Upload_Files" time="0.015"/>
  <testcase classname="qa.ybl.testcases.TestUpload" name="Upload_File">
    <skipped/>
  </testcase> <!-- Upload_File -->
</testsuite> <!-- qa.ybl.testcases.TestUpload -->
