<?xml version="1.0" encoding="UTF-8"?>
<!-- Generated by org.testng.reporters.JUnitReportReporter -->
<testsuite hostname="ATDEV283L1" failures="0" tests="1" name="qa.ybl.testcases.TestUpload" time="339.276" errors="0" timestamp="2023-11-26T20:27:47 IST" skipped="0">
  <testcase classname="qa.ybl.testcases.TestUpload" name="Upload_Files" time="339.276"/>
</testsuite> <!-- qa.ybl.testcases.TestUpload -->
