<?xml version="1.0" encoding="UTF-8"?>
<!-- Generated by org.testng.reporters.JUnitReportReporter -->
<testsuite hostname="ATDEV283L1" failures="0" tests="1" name="qa.ybl.testcases.Login" time="5.597" errors="0" timestamp="2023-11-02T17:25:28 IST" skipped="0">
  <testcase classname="qa.ybl.testcases.Login" name="Login_page" time="5.597"/>
</testsuite> <!-- qa.ybl.testcases.Login -->
