<?xml version="1.0" encoding="UTF-8"?>
<!-- Generated by org.testng.reporters.JUnitReportReporter -->
<testsuite hostname="ATDEV283L1" failures="0" tests="2" name="qa.ybl.testcases.TestUpload" time="12.349" errors="0" timestamp="2023-12-06T16:15:54 IST" skipped="1">
  <testcase classname="qa.ybl.testcases.TestUpload" name="ApproveFile" time="12.349"/>
  <testcase classname="qa.ybl.testcases.TestUpload" name="Upload_File">
    <skipped/>
  </testcase> <!-- Upload_File -->
</testsuite> <!-- qa.ybl.testcases.TestUpload -->
