<?xml version="1.0" encoding="UTF-8"?>
<!-- Generated by org.testng.reporters.JUnitReportReporter -->
<testsuite hostname="ATDEV283L1" failures="0" tests="1" name="qa.ybl.testcases.TestUserCreation" time="34.757" errors="0" timestamp="2024-02-01T17:52:48 IST" skipped="0">
  <testcase classname="qa.ybl.testcases.TestUserCreation" name="testCreateUser" time="34.757"/>
</testsuite> <!-- qa.ybl.testcases.TestUserCreation -->
