<?xml version="1.0" encoding="UTF-8"?>
<!-- Generated by org.testng.reporters.JUnitReportReporter -->
<testsuite hostname="ATDEV283L1" failures="0" tests="1" name="qa.ybl.testcases.TestUpload" time="14.910" errors="0" timestamp="2023-11-27T08:57:31 IST" skipped="0">
  <testcase classname="qa.ybl.testcases.TestUpload" name="Upload_Files" time="14.910"/>
</testsuite> <!-- qa.ybl.testcases.TestUpload -->
