<?xml version="1.0" encoding="UTF-8"?>
<!-- Generated by org.testng.reporters.JUnitReportReporter -->
<testsuite hostname="ATDEV283L1" failures="0" tests="5" name="qa.ybl.testcases.TestLogin" time="136.211" errors="0" timestamp="2023-11-10T18:34:32 IST" skipped="0">
  <testcase classname="qa.ybl.testcases.TestLogin" name="Login_to_app" time="30.834"/>
  <testcase classname="qa.ybl.testcases.TestLogin" name="Login_to_app" time="29.041"/>
  <testcase classname="qa.ybl.testcases.TestLogin" name="Login_to_app" time="29.061"/>
  <testcase classname="qa.ybl.testcases.TestLogin" name="Login_to_app" time="13.757"/>
  <testcase classname="qa.ybl.testcases.TestLogin" name="Login_to_app" time="33.518"/>
</testsuite> <!-- qa.ybl.testcases.TestLogin -->
