<?xml version="1.0" encoding="UTF-8"?>
<!-- Generated by org.testng.reporters.JUnitReportReporter -->
<testsuite hostname="ATDEV283L1" failures="0" tests="1" name="qa.ybl.testcases.TestUpload" time="101.684" errors="0" timestamp="2023-11-29T13:32:01 IST" skipped="0">
  <testcase classname="qa.ybl.testcases.TestUpload" name="Upload_Files" time="101.684"/>
</testsuite> <!-- qa.ybl.testcases.TestUpload -->
