<?xml version="1.0" encoding="UTF-8"?>
<!-- Generated by org.testng.reporters.JUnitReportReporter -->
<testsuite hostname="ATDEV283L1" failures="0" tests="1" name="qa.ybl.testcases.TestLogin" time="11.462" errors="0" timestamp="2023-11-24T17:57:41 IST" skipped="0">
  <testcase classname="qa.ybl.testcases.TestLogin" name="Username_Feild" time="11.462"/>
</testsuite> <!-- qa.ybl.testcases.TestLogin -->
